<?xml version="1.0" encoding="UTF-8"?>
<!-- Generated by org.testng.reporters.JUnitReportReporter -->
<testsuite hostname="DESKTOP-TFTIM70" failures="0" tests="5" name="myRunner.Runner" time="62.649" errors="0" timestamp="2023-11-08T08:38:20 PST" skipped="0">
  <testcase classname="myRunner.Runner" name="runScenario" time="11.498"/>
  <system-out/>
  <testcase classname="myRunner.Runner" name="runScenario" time="12.885"/>
  <system-out/>
  <testcase classname="myRunner.Runner" name="runScenario" time="11.561"/>
  <system-out/>
  <testcase classname="myRunner.Runner" name="runScenario" time="14.251"/>
  <system-out/>
  <testcase classname="myRunner.Runner" name="runScenario" time="12.454"/>
  <system-out/>
</testsuite> <!-- myRunner.Runner -->
